#-----------------------------------------------------------
# Vivado v2018.2 (64-bit)
# SW Build 2258646 on Thu Jun 14 20:03:12 MDT 2018
# IP Build 2256618 on Thu Jun 14 22:10:49 MDT 2018
# Start of session at: Tue Apr 23 13:02:18 2019
# Process ID: 1744
# Current directory: C:/Users/dppel/Projects/CPE 487/tetris_ex
# Command line: vivado.exe -gui_launcher_event rodinguilauncherevent6824 C:\Users\dppel\Projects\CPE 487\tetris_ex\tetris_ex.xpr
# Log file: C:/Users/dppel/Projects/CPE 487/tetris_ex/vivado.log
# Journal file: C:/Users/dppel/Projects/CPE 487/tetris_ex\vivado.jou
#-----------------------------------------------------------
start_gui
open_project {C:/Users/dppel/Projects/CPE 487/tetris_ex/tetris_ex.xpr}
Scanning sources...
Finished scanning sources
INFO: [IP_Flow 19-234] Refreshing IP repositories
INFO: [IP_Flow 19-1704] No user IP repositories specified
INFO: [IP_Flow 19-2313] Loaded Vivado IP repository 'C:/Xilinx/Vivado/2018.2/data/ip'.
open_project: Time (s): cpu = 00:00:17 ; elapsed = 00:00:10 . Memory (MB): peak = 873.020 ; gain = 135.875
update_compile_order -fileset sources_1
reset_run synth_1
launch_runs synth_1 -jobs 2
[Tue Apr 23 13:13:10 2019] Launched synth_1...
Run output will be captured here: C:/Users/dppel/Projects/CPE 487/tetris_ex/tetris_ex.runs/synth_1/runme.log
launch_runs impl_1 -jobs 2
[Tue Apr 23 13:19:24 2019] Launched impl_1...
Run output will be captured here: C:/Users/dppel/Projects/CPE 487/tetris_ex/tetris_ex.runs/impl_1/runme.log
launch_runs impl_1 -to_step write_bitstream -jobs 2
[Tue Apr 23 13:22:07 2019] Launched impl_1...
Run output will be captured here: C:/Users/dppel/Projects/CPE 487/tetris_ex/tetris_ex.runs/impl_1/runme.log
reset_run synth_1
launch_runs synth_1 -jobs 2
[Tue Apr 23 13:24:40 2019] Launched synth_1...
Run output will be captured here: C:/Users/dppel/Projects/CPE 487/tetris_ex/tetris_ex.runs/synth_1/runme.log
launch_runs impl_1 -jobs 2
[Tue Apr 23 13:27:54 2019] Launched impl_1...
Run output will be captured here: C:/Users/dppel/Projects/CPE 487/tetris_ex/tetris_ex.runs/impl_1/runme.log
launch_runs impl_1 -to_step write_bitstream -jobs 2
[Tue Apr 23 13:31:06 2019] Launched impl_1...
Run output will be captured here: C:/Users/dppel/Projects/CPE 487/tetris_ex/tetris_ex.runs/impl_1/runme.log
open_hw
connect_hw_server
INFO: [Labtools 27-2285] Connecting to hw_server url TCP:localhost:3121
INFO: [Labtools 27-2222] Launching hw_server...
INFO: [Labtools 27-2221] Launch Output:

****** Xilinx hw_server v2018.2
  **** Build date : Jun 14 2018-20:42:52
    ** Copyright 1986-2018 Xilinx, Inc. All Rights Reserved.


connect_hw_server: Time (s): cpu = 00:00:01 ; elapsed = 00:00:05 . Memory (MB): peak = 942.734 ; gain = 0.000
open_hw_target
INFO: [Labtoolstcl 44-466] Opening hw_target localhost:3121/xilinx_tcf/Digilent/210292A8B0DFA
set_property PROGRAM.FILE {C:/Users/dppel/Projects/CPE 487/tetris_ex/tetris_ex.runs/impl_1/TETRIS.bit} [get_hw_devices xc7a100t_0]
current_hw_device [get_hw_devices xc7a100t_0]
refresh_hw_device -update_hw_probes false [lindex [get_hw_devices xc7a100t_0] 0]
INFO: [Labtools 27-1435] Device xc7a100t (JTAG device index = 0) is not programmed (DONE status = 0).
set_property PROBES.FILE {} [get_hw_devices xc7a100t_0]
set_property FULL_PROBES.FILE {} [get_hw_devices xc7a100t_0]
set_property PROGRAM.FILE {C:/Users/dppel/Projects/CPE 487/tetris_ex/tetris_ex.runs/impl_1/TETRIS.bit} [get_hw_devices xc7a100t_0]
program_hw_devices [get_hw_devices xc7a100t_0]
INFO: [Labtools 27-3164] End of startup status: HIGH
refresh_hw_device [lindex [get_hw_devices xc7a100t_0] 0]
INFO: [Labtools 27-1434] Device xc7a100t (JTAG device index = 0) is programmed with a design that has no supported debug core(s) in it.
WARNING: [Labtools 27-3361] The debug hub core was not detected.
Resolution: 
1. Make sure the clock connected to the debug hub (dbg_hub) core is a free running clock and is active.
2. Make sure the BSCAN_SWITCH_USER_MASK device property in Vivado Hardware Manager reflects the user scan chain setting in the design and refresh the device.  To determine the user scan chain setting in the design, open the implemented design and use 'get_property C_USER_SCAN_CHAIN [get_debug_cores dbg_hub]'.
For more details on setting the scan chain property, consult the Vivado Debug and Programming User Guide (UG908).
ERROR: [Labtoolstcl 44-513] HW Target shutdown. Closing target: localhost:3121/xilinx_tcf/Digilent/210292A8B0DFA
undo
INFO: [Common 17-17] undo 'set_property PROGRAM.FILE {C:/Users/dppel/Projects/CPE 487/tetris_ex/tetris_ex.runs/impl_1/TETRIS.bit} [get_hw_devices xc7a100t_0]'
undo
INFO: [Common 17-17] undo 'set_property FULL_PROBES.FILE {} [get_hw_devices xc7a100t_0]'
undo
INFO: [Common 17-17] undo 'set_property PROBES.FILE {} [get_hw_devices xc7a100t_0]'
undo
INFO: [Common 17-17] undo 'set_property PROGRAM.FILE {C:/Users/dppel/Projects/CPE 487/tetris_ex/tetris_ex.runs/impl_1/TETRIS.bit} [get_hw_devices xc7a100t_0]'
reset_run synth_1
launch_runs synth_1 -jobs 2
[Thu Apr 25 12:25:19 2019] Launched synth_1...
Run output will be captured here: C:/Users/dppel/Projects/CPE 487/tetris_ex/tetris_ex.runs/synth_1/runme.log
launch_runs impl_1 -jobs 2
[Thu Apr 25 12:28:24 2019] Launched impl_1...
Run output will be captured here: C:/Users/dppel/Projects/CPE 487/tetris_ex/tetris_ex.runs/impl_1/runme.log
launch_runs impl_1 -to_step write_bitstream -jobs 2
[Thu Apr 25 12:30:06 2019] Launched impl_1...
Run output will be captured here: C:/Users/dppel/Projects/CPE 487/tetris_ex/tetris_ex.runs/impl_1/runme.log
INFO: [Labtoolstcl 44-466] Opening hw_target localhost:3121/xilinx_tcf/Digilent/210292A8B0DFA
INFO: [Labtools 27-1435] Device xc7a100t (JTAG device index = 0) is not programmed (DONE status = 0).
WARNING: [Labtoolstcl 44-129] No matching hw_ila_data was found.
set_property PROBES.FILE {} [get_hw_devices xc7a100t_0]
set_property FULL_PROBES.FILE {} [get_hw_devices xc7a100t_0]
set_property PROGRAM.FILE {C:/Users/dppel/Projects/CPE 487/tetris_ex/tetris_ex.runs/impl_1/TETRIS.bit} [get_hw_devices xc7a100t_0]
program_hw_devices [get_hw_devices xc7a100t_0]
INFO: [Labtools 27-3164] End of startup status: HIGH
refresh_hw_device [lindex [get_hw_devices xc7a100t_0] 0]
INFO: [Labtools 27-1434] Device xc7a100t (JTAG device index = 0) is programmed with a design that has no supported debug core(s) in it.
WARNING: [Labtools 27-3361] The debug hub core was not detected.
Resolution: 
1. Make sure the clock connected to the debug hub (dbg_hub) core is a free running clock and is active.
2. Make sure the BSCAN_SWITCH_USER_MASK device property in Vivado Hardware Manager reflects the user scan chain setting in the design and refresh the device.  To determine the user scan chain setting in the design, open the implemented design and use 'get_property C_USER_SCAN_CHAIN [get_debug_cores dbg_hub]'.
For more details on setting the scan chain property, consult the Vivado Debug and Programming User Guide (UG908).
ERROR: [Labtoolstcl 44-513] HW Target shutdown. Closing target: localhost:3121/xilinx_tcf/Digilent/210292A8B0DFA
import_files -norecurse {C:/Users/dppel/Projects/CPE487/tetris_ex/tetris_ex.srcs/sources_1/new/image_source.vhd C:/Users/dppel/Projects/CPE487/tetris_ex/tetris_ex.srcs/sources_1/new/tetris.vhd C:/Users/dppel/Projects/CPE487/tetris_ex/tetris_ex.srcs/sources_1/new/tetris_controller.vhd C:/Users/dppel/Projects/CPE487/tetris_ex/tetris_ex.srcs/sources_1/new/image_package.vhd C:/Users/dppel/Projects/CPE487/tetris_ex/tetris_ex.srcs/sources_1/new/rand_num_gen.vhd C:/Users/dppel/Projects/CPE487/tetris_ex/tetris_ex.srcs/sources_1/new/tetris_data.vhd C:/Users/dppel/Projects/CPE487/tetris_ex/tetris_ex.srcs/sources_1/new/tetris_package.vhd}
update_compile_order -fileset sources_1
export_ip_user_files -of_objects  [get_files {{C:/Users/dppel/Projects/CPE 487/tetris_ex/tetris_ex.srcs/sources_1/new/tetris.vhd}}] -no_script -reset -force -quiet
remove_files  {{C:/Users/dppel/Projects/CPE 487/tetris_ex/tetris_ex.srcs/sources_1/new/tetris.vhd}}
export_ip_user_files -of_objects  [get_files {{C:/Users/dppel/Projects/CPE 487/tetris_ex/tetris_ex.srcs/sources_1/new/rand_num_gen.vhd}}] -no_script -reset -force -quiet
remove_files  {{C:/Users/dppel/Projects/CPE 487/tetris_ex/tetris_ex.srcs/sources_1/new/rand_num_gen.vhd}}
export_ip_user_files -of_objects  [get_files {{C:/Users/dppel/Projects/CPE 487/tetris_ex/tetris_ex.srcs/sources_1/new/image_source.vhd}}] -no_script -reset -force -quiet
export_ip_user_files -of_objects  [get_files {{C:/Users/dppel/Projects/CPE 487/tetris_ex/tetris_ex.srcs/sources_1/new/tetris_controller.vhd}}] -no_script -reset -force -quiet
export_ip_user_files -of_objects  [get_files {{C:/Users/dppel/Projects/CPE 487/tetris_ex/tetris_ex.srcs/sources_1/new/tetris_data.vhd}}] -no_script -reset -force -quiet
remove_files  {{C:/Users/dppel/Projects/CPE 487/tetris_ex/tetris_ex.srcs/sources_1/new/image_source.vhd} {C:/Users/dppel/Projects/CPE 487/tetris_ex/tetris_ex.srcs/sources_1/new/tetris_controller.vhd} {C:/Users/dppel/Projects/CPE 487/tetris_ex/tetris_ex.srcs/sources_1/new/tetris_data.vhd}}
import_files -force -norecurse {C:/Users/dppel/Projects/CPE487/tetris_ex/tetris_ex.srcs/sources_1/new/image_package.vhd C:/Users/dppel/Projects/CPE487/tetris_ex/tetris_ex.srcs/sources_1/new/tetris_package.vhd}
update_compile_order -fileset sources_1
reset_run synth_1
launch_runs synth_1 -jobs 2
CRITICAL WARNING: [HDL 9-806] Syntax error near "if". [C:/Users/dppel/Projects/CPE 487/tetris_ex/tetris_ex.srcs/sources_1/imports/new/tetris_controller.vhd:289]
[Thu Apr 25 12:46:14 2019] Launched synth_1...
Run output will be captured here: C:/Users/dppel/Projects/CPE 487/tetris_ex/tetris_ex.runs/synth_1/runme.log
reset_run synth_1
launch_runs synth_1 -jobs 2
[Thu Apr 25 12:46:26 2019] Launched synth_1...
Run output will be captured here: C:/Users/dppel/Projects/CPE 487/tetris_ex/tetris_ex.runs/synth_1/runme.log
launch_runs impl_1 -jobs 2
[Thu Apr 25 12:50:18 2019] Launched impl_1...
Run output will be captured here: C:/Users/dppel/Projects/CPE 487/tetris_ex/tetris_ex.runs/impl_1/runme.log
launch_runs impl_1 -to_step write_bitstream -jobs 2
[Thu Apr 25 12:52:35 2019] Launched impl_1...
Run output will be captured here: C:/Users/dppel/Projects/CPE 487/tetris_ex/tetris_ex.runs/impl_1/runme.log
export_ip_user_files -of_objects  [get_files {{C:/Users/dppel/Projects/CPE 487/tetris_ex/tetris_ex.srcs/sources_1/new/tetris_package.vhd}}] -no_script -reset -force -quiet
remove_files  {{C:/Users/dppel/Projects/CPE 487/tetris_ex/tetris_ex.srcs/sources_1/new/tetris_package.vhd}}
export_ip_user_files -of_objects  [get_files {{C:/Users/dppel/Projects/CPE 487/tetris_ex/tetris_ex.srcs/sources_1/new/image_package.vhd}}] -no_script -reset -force -quiet
remove_files  {{C:/Users/dppel/Projects/CPE 487/tetris_ex/tetris_ex.srcs/sources_1/new/image_package.vhd}}
INFO: [Labtoolstcl 44-466] Opening hw_target localhost:3121/xilinx_tcf/Digilent/210292A8B0DFA
INFO: [Labtools 27-1435] Device xc7a100t (JTAG device index = 0) is not programmed (DONE status = 0).
WARNING: [Labtoolstcl 44-129] No matching hw_ila_data was found.
reset_run synth_1
launch_runs synth_1 -jobs 2
[Thu Apr 25 13:06:55 2019] Launched synth_1...
Run output will be captured here: C:/Users/dppel/Projects/CPE 487/tetris_ex/tetris_ex.runs/synth_1/runme.log
launch_runs impl_1 -jobs 2
[Thu Apr 25 13:10:02 2019] Launched impl_1...
Run output will be captured here: C:/Users/dppel/Projects/CPE 487/tetris_ex/tetris_ex.runs/impl_1/runme.log
launch_runs impl_1 -to_step write_bitstream -jobs 2
[Thu Apr 25 13:12:00 2019] Launched impl_1...
Run output will be captured here: C:/Users/dppel/Projects/CPE 487/tetris_ex/tetris_ex.runs/impl_1/runme.log
set_property PROBES.FILE {} [get_hw_devices xc7a100t_0]
set_property FULL_PROBES.FILE {} [get_hw_devices xc7a100t_0]
set_property PROGRAM.FILE {C:/Users/dppel/Projects/CPE 487/tetris_ex/tetris_ex.runs/impl_1/TETRIS.bit} [get_hw_devices xc7a100t_0]
program_hw_devices [get_hw_devices xc7a100t_0]
INFO: [Labtools 27-3164] End of startup status: HIGH
refresh_hw_device [lindex [get_hw_devices xc7a100t_0] 0]
INFO: [Labtools 27-1434] Device xc7a100t (JTAG device index = 0) is programmed with a design that has no supported debug core(s) in it.
WARNING: [Labtools 27-3361] The debug hub core was not detected.
Resolution: 
1. Make sure the clock connected to the debug hub (dbg_hub) core is a free running clock and is active.
2. Make sure the BSCAN_SWITCH_USER_MASK device property in Vivado Hardware Manager reflects the user scan chain setting in the design and refresh the device.  To determine the user scan chain setting in the design, open the implemented design and use 'get_property C_USER_SCAN_CHAIN [get_debug_cores dbg_hub]'.
For more details on setting the scan chain property, consult the Vivado Debug and Programming User Guide (UG908).
close [ open {C:/Users/dppel/Projects/CPE 487/tetris_ex/tetris_ex.srcs/sources_1/new/keyboard_controller.vhd} w ]
add_files {{C:/Users/dppel/Projects/CPE 487/tetris_ex/tetris_ex.srcs/sources_1/new/keyboard_controller.vhd}}
close [ open {C:/Users/dppel/Projects/CPE 487/tetris_ex/tetris_ex.srcs/sources_1/new/keyboard_source.vhd} w ]
add_files {{C:/Users/dppel/Projects/CPE 487/tetris_ex/tetris_ex.srcs/sources_1/new/keyboard_source.vhd}}
update_compile_order -fileset sources_1
reset_run synth_1
update_compile_order -fileset sources_1
launch_runs synth_1 -jobs 2
[Thu Apr 25 13:29:17 2019] Launched synth_1...
Run output will be captured here: C:/Users/dppel/Projects/CPE 487/tetris_ex/tetris_ex.runs/synth_1/runme.log
reset_run synth_1
launch_runs synth_1 -jobs 2
[Thu Apr 25 13:38:30 2019] Launched synth_1...
Run output will be captured here: C:/Users/dppel/Projects/CPE 487/tetris_ex/tetris_ex.runs/synth_1/runme.log
launch_runs impl_1 -jobs 2
[Thu Apr 25 13:41:18 2019] Launched impl_1...
Run output will be captured here: C:/Users/dppel/Projects/CPE 487/tetris_ex/tetris_ex.runs/impl_1/runme.log
launch_runs impl_1 -to_step write_bitstream -jobs 2
[Thu Apr 25 13:43:52 2019] Launched impl_1...
Run output will be captured here: C:/Users/dppel/Projects/CPE 487/tetris_ex/tetris_ex.runs/impl_1/runme.log
reset_run synth_1
launch_runs synth_1 -jobs 2
[Thu Apr 25 13:45:21 2019] Launched synth_1...
Run output will be captured here: C:/Users/dppel/Projects/CPE 487/tetris_ex/tetris_ex.runs/synth_1/runme.log
launch_runs impl_1 -jobs 2
[Thu Apr 25 13:48:16 2019] Launched impl_1...
Run output will be captured here: C:/Users/dppel/Projects/CPE 487/tetris_ex/tetris_ex.runs/impl_1/runme.log
launch_runs impl_1 -to_step write_bitstream -jobs 2
[Thu Apr 25 13:50:48 2019] Launched impl_1...
Run output will be captured here: C:/Users/dppel/Projects/CPE 487/tetris_ex/tetris_ex.runs/impl_1/runme.log
set_property PROBES.FILE {} [get_hw_devices xc7a100t_0]
set_property FULL_PROBES.FILE {} [get_hw_devices xc7a100t_0]
set_property PROGRAM.FILE {C:/Users/dppel/Projects/CPE 487/tetris_ex/tetris_ex.runs/impl_1/TETRIS.bit} [get_hw_devices xc7a100t_0]
program_hw_devices [get_hw_devices xc7a100t_0]
INFO: [Labtools 27-3164] End of startup status: HIGH
refresh_hw_device [lindex [get_hw_devices xc7a100t_0] 0]
INFO: [Labtools 27-1434] Device xc7a100t (JTAG device index = 0) is programmed with a design that has no supported debug core(s) in it.
WARNING: [Labtools 27-3361] The debug hub core was not detected.
Resolution: 
1. Make sure the clock connected to the debug hub (dbg_hub) core is a free running clock and is active.
2. Make sure the BSCAN_SWITCH_USER_MASK device property in Vivado Hardware Manager reflects the user scan chain setting in the design and refresh the device.  To determine the user scan chain setting in the design, open the implemented design and use 'get_property C_USER_SCAN_CHAIN [get_debug_cores dbg_hub]'.
For more details on setting the scan chain property, consult the Vivado Debug and Programming User Guide (UG908).
ERROR: [Labtoolstcl 44-513] HW Target shutdown. Closing target: localhost:3121/xilinx_tcf/Digilent/210292A8B0DFA
